#! /c/Source/iverilog-install/bin/vvp
:ivl_version "12.0 (devel)" "(s20150603-1539-g2693dd32b)";
:ivl_delay_selection "TYPICAL";
:vpi_time_precision + 0;
:vpi_module "C:\iverilog\lib\ivl\system.vpi";
:vpi_module "C:\iverilog\lib\ivl\vhdl_sys.vpi";
:vpi_module "C:\iverilog\lib\ivl\vhdl_textio.vpi";
:vpi_module "C:\iverilog\lib\ivl\v2005_math.vpi";
:vpi_module "C:\iverilog\lib\ivl\va_math.vpi";
S_00000268d0c22510 .scope module, "four_bit_2x1_mux" "four_bit_2x1_mux" 2 1;
 .timescale 0 0;
    .port_info 0 /INPUT 4 "In_1";
    .port_info 1 /INPUT 4 "In_0";
    .port_info 2 /INPUT 1 "Select";
    .port_info 3 /OUTPUT 4 "Out";
o00000268d0c56a38 .functor BUFZ 4, C4<zzzz>; HiZ drive
v00000268d0c226a0_0 .net "In_0", 3 0, o00000268d0c56a38;  0 drivers
o00000268d0c56a68 .functor BUFZ 4, C4<zzzz>; HiZ drive
v00000268d0c0ee30_0 .net "In_1", 3 0, o00000268d0c56a68;  0 drivers
v00000268d0c0eed0_0 .net "Out", 3 0, L_00000268d0c227e0;  1 drivers
o00000268d0c56ac8 .functor BUFZ 1, C4<z>; HiZ drive
v00000268d0c22740_0 .net "Select", 0 0, o00000268d0c56ac8;  0 drivers
L_00000268d0c227e0 .functor MUXZ 4, o00000268d0c56a38, o00000268d0c56a68, o00000268d0c56ac8, C4<>;
# The file index is used to find the file name in the following table.
:file_names 3;
    "N/A";
    "<interactive>";
    "four_bit_2x1_mux.v";
