#! /c/Source/iverilog-install/bin/vvp
:ivl_version "12.0 (devel)" "(s20150603-1539-g2693dd32b)";
:ivl_delay_selection "TYPICAL";
:vpi_time_precision + 0;
:vpi_module "C:\iverilog\lib\ivl\system.vpi";
:vpi_module "C:\iverilog\lib\ivl\vhdl_sys.vpi";
:vpi_module "C:\iverilog\lib\ivl\vhdl_textio.vpi";
:vpi_module "C:\iverilog\lib\ivl\v2005_math.vpi";
:vpi_module "C:\iverilog\lib\ivl\va_math.vpi";
S_0000016a6d0a2510 .scope module, "two_s_complement" "two_s_complement" 2 1;
 .timescale 0 0;
    .port_info 0 /INPUT 4 "In";
    .port_info 1 /OUTPUT 4 "Out";
o0000016a6d0d6898 .functor BUFZ 4, C4<zzzz>; HiZ drive
L_0000016a6d0a2dc0 .functor NOT 4, o0000016a6d0d6898, C4<0000>, C4<0000>, C4<0000>;
v0000016a6d0a3400_0 .net "In", 3 0, o0000016a6d0d6898;  0 drivers
v0000016a6d28ee30_0 .net "Out", 3 0, L_0000016a6d0a2740;  1 drivers
v0000016a6d28eed0_0 .net *"_ivl_0", 3 0, L_0000016a6d0a2dc0;  1 drivers
L_0000016a6d11bd08 .functor BUFT 1, C4<0001>, C4<0>, C4<0>, C4<0>;
v0000016a6d0a26a0_0 .net/2u *"_ivl_2", 3 0, L_0000016a6d11bd08;  1 drivers
L_0000016a6d0a2740 .arith/sum 4, L_0000016a6d0a2dc0, L_0000016a6d11bd08;
# The file index is used to find the file name in the following table.
:file_names 3;
    "N/A";
    "<interactive>";
    "two_s_complement.v";
